[0.051s] Invoking command in '/root/Desktop/QtrosAndOpenCV/hyzAndJoJo/build/opencv_node': CMAKE_PREFIX_PATH=${CMAKE_PREFIX_PATH}:/opt/ros/humble _=/bin/env /bin/cmake --build /root/Desktop/QtrosAndOpenCV/hyzAndJoJo/build/opencv_node -- -j16 -l16
[0.208s] [ 50%] [32mBuilding CXX object CMakeFiles/camera_pack.dir/src/opencv_node.cpp.o[0m
[10.159s] [01m[K/root/Desktop/QtrosAndOpenCV/hyzAndJoJo/src/opencv_node/src/opencv_node.cpp:[m[K åœ¨æˆå‘˜å‡½æ•°â€˜[01m[Kvoid OpenCVNode::image_callback(sensor_msgs::msg::Image_<std::allocator<void> >::SharedPtr)[m[Kâ€™ä¸­:
[10.160s] [01m[K/root/Desktop/QtrosAndOpenCV/hyzAndJoJo/src/opencv_node/src/opencv_node.cpp:43:9:[m[K [01;31m[Ké”™è¯¯ï¼š[m[Kâ€˜[01m[KCLCPP_DEBUG[m[Kâ€™ was not declared in this scope; did you mean â€˜[01m[KRCLCPP_DEBUG[m[Kâ€™?
[10.160s]    43 |         [01;31m[KCLCPP_DEBUG[m[K(this->get_logger(), "GGGG %d GGGG",cv_ptr->image.channels());
[10.160s]       |         [01;31m[K^~~~~~~~~~~[m[K
[10.160s]       |         [32m[KRCLCPP_DEBUG[m[K
[10.164s] [01m[K/root/Desktop/QtrosAndOpenCV/hyzAndJoJo/src/opencv_node/src/opencv_node.cpp:56:44:[m[K [01;31m[Ké”™è¯¯ï¼š[m[Kexpected primary-expression before â€˜[01m[K([m[Kâ€™ token
[10.164s]    56 |            output_msg  = cv_bridge::CvImage[01;31m[K([m[Kstd_msgs::msg::Header(),
[10.164s]       |                                            [01;31m[K^[m[K
[10.165s] [01m[K/root/Desktop/QtrosAndOpenCV/hyzAndJoJo/src/opencv_node/src/opencv_node.cpp:57:110:[m[K [01;31m[Ké”™è¯¯ï¼š[m[Kexpected unqualified-id before â€˜[01m[K,[m[Kâ€™ token
[10.165s]    57 |                                                                                sensor_msgs::image_encodings::[01;31m[K,[m[Kprocessed_image).toImageMsg();
[10.165s]       |                                                                                                              [01;31m[K^[m[K
[19.047s] gmake[2]: *** [CMakeFiles/camera_pack.dir/build.make:76ï¼šCMakeFiles/camera_pack.dir/src/opencv_node.cpp.o] é”™è¯¯ 1
[19.048s] gmake[1]: *** [CMakeFiles/Makefile2:137ï¼šCMakeFiles/camera_pack.dir/all] é”™è¯¯ 2
[19.049s] gmake: *** [Makefile:146ï¼šall] é”™è¯¯ 2
[19.056s] Invoked command in '/root/Desktop/QtrosAndOpenCV/hyzAndJoJo/build/opencv_node' returned '2': CMAKE_PREFIX_PATH=${CMAKE_PREFIX_PATH}:/opt/ros/humble _=/bin/env /bin/cmake --build /root/Desktop/QtrosAndOpenCV/hyzAndJoJo/build/opencv_node -- -j16 -l16
